<?xml version="1.0" encoding="UTF-8"?>
<!-- Generated by org.testng.reporters.JUnitReportReporter -->
<testsuite skipped="0" hostname="LAPTOP-22472JL6" name="com.bridgelabz.selenium.Extent_Report" tests="1" failures="0" timestamp="2021-06-02T14:49:56 IST" time="7.053" errors="0">
  <testcase name="extentReportsDemo" time="7.053" classname="com.bridgelabz.selenium.Extent_Report"/>
  <system-out/>
</testsuite> <!-- com.bridgelabz.selenium.Extent_Report -->
